# JRE version: Java(TM) SE Runtime Environment (8.0_45-b15) (build 1.8.0_45-b15)
# Java VM: Java HotSpot(TM) 64-Bit Server VM (25.45-b02 mixed mode windows-amd64 compressed oops)
Heap:
 PSYoungGen      total 272384K, used 7472K [0x00000000d7100000, 0x00000000ed400000, 0x0000000100000000)
  eden space 253952K, 2% used [0x00000000d7100000,0x00000000d784c268,0x00000000e6900000)
  from space 18432K, 0% used [0x00000000e6900000,0x00000000e6900000,0x00000000e7b00000)
  to   space 24064K, 0% used [0x00000000ebc80000,0x00000000ebc80000,0x00000000ed400000)
 ParOldGen       total 102912K, used 48658K [0x0000000085200000, 0x000000008b680000, 0x00000000d7100000)
  object space 102912K, 47% used [0x0000000085200000,0x0000000088184b28,0x000000008b680000)
 Metaspace       used 25139K, capacity 25832K, committed 26160K, reserved 1073152K
  class space    used 2891K, capacity 3037K, committed 3120K, reserved 1048576K
GC Heap History (10 events):
Event: 6.301 GC heap before
{Heap before GC invocations=5 (full 0):
 PSYoungGen      total 132096K, used 132064K [0x00000000d7100000, 0x00000000df700000, 0x0000000100000000)
  eden space 126976K, 100% used [0x00000000d7100000,0x00000000ded00000,0x00000000ded00000)
  from space 5120K, 99% used [0x00000000df200000,0x00000000df6f8020,0x00000000df700000)
  to   space 5120K, 0% used [0x00000000ded00000,0x00000000ded00000,0x00000000df200000)
 ParOldGen       total 84992K, used 14454K [0x0000000085200000, 0x000000008a500000, 0x00000000d7100000)
  object space 84992K, 17% used [0x0000000085200000,0x000000008601dbf8,0x000000008a500000)
 Metaspace       used 15629K, capacity 15920K, committed 16000K, reserved 1062912K
  class space    used 1809K, capacity 1916K, committed 1920K, reserved 1048576K
Event: 6.325 GC heap after
Heap after GC invocations=5 (full 0):
 PSYoungGen      total 132096K, used 5104K [0x00000000d7100000, 0x00000000e8d00000, 0x0000000100000000)
  eden space 126976K, 0% used [0x00000000d7100000,0x00000000d7100000,0x00000000ded00000)
  from space 5120K, 99% used [0x00000000ded00000,0x00000000df1fc010,0x00000000df200000)
  to   space 18432K, 0% used [0x00000000e7b00000,0x00000000e7b00000,0x00000000e8d00000)
 ParOldGen       total 84992K, used 25515K [0x0000000085200000, 0x000000008a500000, 0x00000000d7100000)
  object space 84992K, 30% used [0x0000000085200000,0x0000000086aeae50,0x000000008a500000)
 Metaspace       used 15629K, capacity 15920K, committed 16000K, reserved 1062912K
  class space    used 1809K, capacity 1916K, committed 1920K, reserved 1048576K
}
Event: 9.995 GC heap before
{Heap before GC invocations=6 (full 0):
 PSYoungGen      total 132096K, used 96253K [0x00000000d7100000, 0x00000000e8d00000, 0x0000000100000000)
  eden space 126976K, 71% used [0x00000000d7100000,0x00000000dca03728,0x00000000ded00000)
  from space 5120K, 99% used [0x00000000ded00000,0x00000000df1fc010,0x00000000df200000)
  to   space 18432K, 0% used [0x00000000e7b00000,0x00000000e7b00000,0x00000000e8d00000)
 ParOldGen       total 84992K, used 25515K [0x0000000085200000, 0x000000008a500000, 0x00000000d7100000)
  object space 84992K, 30% used [0x0000000085200000,0x0000000086aeae50,0x000000008a500000)
 Metaspace       used 20828K, capacity 21212K, committed 21296K, reserved 1069056K
  class space    used 2467K, capacity 2592K, committed 2608K, reserved 1048576K
Event: 10.064 GC heap after
Heap after GC invocations=6 (full 0):
 PSYoungGen      total 272384K, used 12166K [0x00000000d7100000, 0x00000000e8d00000, 0x0000000100000000)
  eden space 253952K, 0% used [0x00000000d7100000,0x00000000d7100000,0x00000000e6900000)
  from space 18432K, 66% used [0x00000000e7b00000,0x00000000e86e1848,0x00000000e8d00000)
  to   space 18432K, 0% used [0x00000000e6900000,0x00000000e6900000,0x00000000e7b00000)
 ParOldGen       total 84992K, used 25515K [0x0000000085200000, 0x000000008a500000, 0x00000000d7100000)
  object space 84992K, 30% used [0x0000000085200000,0x0000000086aeae50,0x000000008a500000)
 Metaspace       used 20828K, capacity 21212K, committed 21296K, reserved 1069056K
  class space    used 2467K, capacity 2592K, committed 2608K, reserved 1048576K
}
Event: 10.064 GC heap before
{Heap before GC invocations=7 (full 1):
 PSYoungGen      total 272384K, used 12166K [0x00000000d7100000, 0x00000000e8d00000, 0x0000000100000000)
  eden space 253952K, 0% used [0x00000000d7100000,0x00000000d7100000,0x00000000e6900000)
  from space 18432K, 66% used [0x00000000e7b00000,0x00000000e86e1848,0x00000000e8d00000)
  to   space 18432K, 0% used [0x00000000e6900000,0x00000000e6900000,0x00000000e7b00000)
 ParOldGen       total 84992K, used 25515K [0x0000000085200000, 0x000000008a500000, 0x00000000d7100000)
  object space 84992K, 30% used [0x0000000085200000,0x0000000086aeae50,0x000000008a500000)
 Metaspace       used 20828K, capacity 21212K, committed 21296K, reserved 1069056K
  class space    used 2467K, capacity 2592K, committed 2608K, reserved 1048576K
Event: 10.600 GC heap after
Heap after GC invocations=7 (full 1):
 PSYoungGen      total 272384K, used 0K [0x00000000d7100000, 0x00000000e8d00000, 0x0000000100000000)
  eden space 253952K, 0% used [0x00000000d7100000,0x00000000d7100000,0x00000000e6900000)
  from space 18432K, 0% used [0x00000000e7b00000,0x00000000e7b00000,0x00000000e8d00000)
  to   space 18432K, 0% used [0x00000000e6900000,0x00000000e6900000,0x00000000e7b00000)
 ParOldGen       total 102912K, used 34422K [0x0000000085200000, 0x000000008b680000, 0x00000000d7100000)
  object space 102912K, 33% used [0x0000000085200000,0x000000008739db18,0x000000008b680000)
 Metaspace       used 20828K, capacity 21212K, committed 21296K, reserved 1069056K
  class space    used 2467K, capacity 2592K, committed 2608K, reserved 1048576K
}
Event: 15.370 GC heap before
{Heap before GC invocations=8 (full 1):
 PSYoungGen      total 272384K, used 140845K [0x00000000d7100000, 0x00000000e8d00000, 0x0000000100000000)
  eden space 253952K, 55% used [0x00000000d7100000,0x00000000dfa8b7b0,0x00000000e6900000)
  from space 18432K, 0% used [0x00000000e7b00000,0x00000000e7b00000,0x00000000e8d00000)
  to   space 18432K, 0% used [0x00000000e6900000,0x00000000e6900000,0x00000000e7b00000)
 ParOldGen       total 102912K, used 34422K [0x0000000085200000, 0x000000008b680000, 0x00000000d7100000)
  object space 102912K, 33% used [0x0000000085200000,0x000000008739db18,0x000000008b680000)
 Metaspace       used 25144K, capacity 25850K, committed 26160K, reserved 1073152K
  class space    used 2892K, capacity 3039K, committed 3120K, reserved 1048576K
Event: 15.395 GC heap after
Heap after GC invocations=8 (full 1):
 PSYoungGen      total 272384K, used 18414K [0x00000000d7100000, 0x00000000ed400000, 0x0000000100000000)
  eden space 253952K, 0% used [0x00000000d7100000,0x00000000d7100000,0x00000000e6900000)
  from space 18432K, 99% used [0x00000000e6900000,0x00000000e7afb838,0x00000000e7b00000)
  to   space 24064K, 0% used [0x00000000ebc80000,0x00000000ebc80000,0x00000000ed400000)
 ParOldGen       total 102912K, used 39586K [0x0000000085200000, 0x000000008b680000, 0x00000000d7100000)
  object space 102912K, 38% used [0x0000000085200000,0x00000000878a88f8,0x000000008b680000)
 Metaspace       used 25144K, capacity 25850K, committed 26160K, reserved 1073152K
  class space    used 2892K, capacity 3039K, committed 3120K, reserved 1048576K
}
Event: 15.395 GC heap before
{Heap before GC invocations=9 (full 2):
 PSYoungGen      total 272384K, used 18414K [0x00000000d7100000, 0x00000000ed400000, 0x0000000100000000)
  eden space 253952K, 0% used [0x00000000d7100000,0x00000000d7100000,0x00000000e6900000)
  from space 18432K, 99% used [0x00000000e6900000,0x00000000e7afb838,0x00000000e7b00000)
  to   space 24064K, 0% used [0x00000000ebc80000,0x00000000ebc80000,0x00000000ed400000)
 ParOldGen       total 102912K, used 39586K [0x0000000085200000, 0x000000008b680000, 0x00000000d7100000)
  object space 102912K, 38% used [0x0000000085200000,0x00000000878a88f8,0x000000008b680000)
 Metaspace       used 25144K, capacity 25850K, committed 26160K, reserved 1073152K
  class space    used 2892K, capacity 3039K, committed 3120K, reserved 1048576K
Event: 15.590 GC heap after
Heap after GC invocations=9 (full 2):
 PSYoungGen      total 272384K, used 0K [0x00000000d7100000, 0x00000000ed400000, 0x0000000100000000)
  eden space 253952K, 0% used [0x00000000d7100000,0x00000000d7100000,0x00000000e6900000)
  from space 18432K, 0% used [0x00000000e6900000,0x00000000e6900000,0x00000000e7b00000)
  to   space 24064K, 0% used [0x00000000ebc80000,0x00000000ebc80000,0x00000000ed400000)
 ParOldGen       total 102912K, used 48658K [0x0000000085200000, 0x000000008b680000, 0x00000000d7100000)
  object space 102912K, 47% used [0x0000000085200000,0x0000000088184b28,0x000000008b680000)
 Metaspace       used 25128K, capacity 25832K, committed 26160K, reserved 1073152K
  class space    used 2890K, capacity 3037K, committed 3120K, reserved 1048576K
}

