# JRE version: Java(TM) SE Runtime Environment (8.0_45-b15) (build 1.8.0_45-b15)
# Java VM: Java HotSpot(TM) 64-Bit Server VM (25.45-b02 mixed mode windows-amd64 compressed oops)
Heap:
 PSYoungGen      total 219648K, used 5884K [0x00000000d7100000, 0x00000000ebd80000, 0x0000000100000000)
  eden space 197632K, 2% used [0x00000000d7100000,0x00000000d76bf3a0,0x00000000e3200000)
  from space 22016K, 0% used [0x00000000e3200000,0x00000000e3200000,0x00000000e4780000)
  to   space 26112K, 0% used [0x00000000ea400000,0x00000000ea400000,0x00000000ebd80000)
 ParOldGen       total 81408K, used 50623K [0x0000000085200000, 0x000000008a180000, 0x00000000d7100000)
  object space 81408K, 62% used [0x0000000085200000,0x000000008836fec0,0x000000008a180000)
 Metaspace       used 26137K, capacity 26776K, committed 26800K, reserved 1073152K
  class space    used 3048K, capacity 3245K, committed 3248K, reserved 1048576K
GC Heap History (10 events):
Event: 11.390 GC heap before
{Heap before GC invocations=9 (full 0):
 PSYoungGen      total 137216K, used 137216K [0x00000000d7100000, 0x00000000e0f00000, 0x0000000100000000)
  eden space 123392K, 100% used [0x00000000d7100000,0x00000000de980000,0x00000000de980000)
  from space 13824K, 100% used [0x00000000dfa80000,0x00000000e0800000,0x00000000e0800000)
  to   space 17408K, 0% used [0x00000000de980000,0x00000000de980000,0x00000000dfa80000)
 ParOldGen       total 84992K, used 18297K [0x0000000085200000, 0x000000008a500000, 0x00000000d7100000)
  object space 84992K, 21% used [0x0000000085200000,0x00000000863de408,0x000000008a500000)
 Metaspace       used 20802K, capacity 21244K, committed 21248K, reserved 1069056K
  class space    used 2459K, capacity 2560K, committed 2560K, reserved 1048576K
Event: 11.420 GC heap after
Heap after GC invocations=9 (full 0):
 PSYoungGen      total 140800K, used 17376K [0x00000000d7100000, 0x00000000e5d00000, 0x0000000100000000)
  eden space 123392K, 0% used [0x00000000d7100000,0x00000000d7100000,0x00000000de980000)
  from space 17408K, 99% used [0x00000000de980000,0x00000000dfa781d8,0x00000000dfa80000)
  to   space 22016K, 0% used [0x00000000e4780000,0x00000000e4780000,0x00000000e5d00000)
 ParOldGen       total 84992K, used 24654K [0x0000000085200000, 0x000000008a500000, 0x00000000d7100000)
  object space 84992K, 29% used [0x0000000085200000,0x0000000086a13a10,0x000000008a500000)
 Metaspace       used 20802K, capacity 21244K, committed 21248K, reserved 1069056K
  class space    used 2459K, capacity 2560K, committed 2560K, reserved 1048576K
}
Event: 11.534 GC heap before
{Heap before GC invocations=10 (full 0):
 PSYoungGen      total 140800K, used 25133K [0x00000000d7100000, 0x00000000e5d00000, 0x0000000100000000)
  eden space 123392K, 6% used [0x00000000d7100000,0x00000000d7893580,0x00000000de980000)
  from space 17408K, 99% used [0x00000000de980000,0x00000000dfa781d8,0x00000000dfa80000)
  to   space 22016K, 0% used [0x00000000e4780000,0x00000000e4780000,0x00000000e5d00000)
 ParOldGen       total 84992K, used 24654K [0x0000000085200000, 0x000000008a500000, 0x00000000d7100000)
  object space 84992K, 29% used [0x0000000085200000,0x0000000086a13a10,0x000000008a500000)
 Metaspace       used 20850K, capacity 21276K, committed 21296K, reserved 1069056K
  class space    used 2468K, capacity 2592K, committed 2608K, reserved 1048576K
Event: 11.555 GC heap after
Heap after GC invocations=10 (full 0):
 PSYoungGen      total 219648K, used 7305K [0x00000000d7100000, 0x00000000e5d00000, 0x0000000100000000)
  eden space 197632K, 0% used [0x00000000d7100000,0x00000000d7100000,0x00000000e3200000)
  from space 22016K, 33% used [0x00000000e4780000,0x00000000e4ea2660,0x00000000e5d00000)
  to   space 22016K, 0% used [0x00000000e3200000,0x00000000e3200000,0x00000000e4780000)
 ParOldGen       total 84992K, used 35103K [0x0000000085200000, 0x000000008a500000, 0x00000000d7100000)
  object space 84992K, 41% used [0x0000000085200000,0x0000000087447fc0,0x000000008a500000)
 Metaspace       used 20850K, capacity 21276K, committed 21296K, reserved 1069056K
  class space    used 2468K, capacity 2592K, committed 2608K, reserved 1048576K
}
Event: 11.555 GC heap before
{Heap before GC invocations=11 (full 1):
 PSYoungGen      total 219648K, used 7305K [0x00000000d7100000, 0x00000000e5d00000, 0x0000000100000000)
  eden space 197632K, 0% used [0x00000000d7100000,0x00000000d7100000,0x00000000e3200000)
  from space 22016K, 33% used [0x00000000e4780000,0x00000000e4ea2660,0x00000000e5d00000)
  to   space 22016K, 0% used [0x00000000e3200000,0x00000000e3200000,0x00000000e4780000)
 ParOldGen       total 84992K, used 35103K [0x0000000085200000, 0x000000008a500000, 0x00000000d7100000)
  object space 84992K, 41% used [0x0000000085200000,0x0000000087447fc0,0x000000008a500000)
 Metaspace       used 20850K, capacity 21276K, committed 21296K, reserved 1069056K
  class space    used 2468K, capacity 2592K, committed 2608K, reserved 1048576K
Event: 11.755 GC heap after
Heap after GC invocations=11 (full 1):
 PSYoungGen      total 219648K, used 0K [0x00000000d7100000, 0x00000000e5d00000, 0x0000000100000000)
  eden space 197632K, 0% used [0x00000000d7100000,0x00000000d7100000,0x00000000e3200000)
  from space 22016K, 0% used [0x00000000e4780000,0x00000000e4780000,0x00000000e5d00000)
  to   space 22016K, 0% used [0x00000000e3200000,0x00000000e3200000,0x00000000e4780000)
 ParOldGen       total 81408K, used 32613K [0x0000000085200000, 0x000000008a180000, 0x00000000d7100000)
  object space 81408K, 40% used [0x0000000085200000,0x00000000871d97f0,0x000000008a180000)
 Metaspace       used 20850K, capacity 21276K, committed 21296K, reserved 1069056K
  class space    used 2468K, capacity 2592K, committed 2608K, reserved 1048576K
}
Event: 31.856 GC heap before
{Heap before GC invocations=12 (full 1):
 PSYoungGen      total 219648K, used 159835K [0x00000000d7100000, 0x00000000e5d00000, 0x0000000100000000)
  eden space 197632K, 80% used [0x00000000d7100000,0x00000000e0d16c90,0x00000000e3200000)
  from space 22016K, 0% used [0x00000000e4780000,0x00000000e4780000,0x00000000e5d00000)
  to   space 22016K, 0% used [0x00000000e3200000,0x00000000e3200000,0x00000000e4780000)
 ParOldGen       total 81408K, used 32613K [0x0000000085200000, 0x000000008a180000, 0x00000000d7100000)
  object space 81408K, 40% used [0x0000000085200000,0x00000000871d97f0,0x000000008a180000)
 Metaspace       used 26138K, capacity 26794K, committed 26800K, reserved 1073152K
  class space    used 3048K, capacity 3247K, committed 3248K, reserved 1048576K
Event: 31.884 GC heap after
Heap after GC invocations=12 (full 1):
 PSYoungGen      total 219648K, used 22012K [0x00000000d7100000, 0x00000000ebd80000, 0x0000000100000000)
  eden space 197632K, 0% used [0x00000000d7100000,0x00000000d7100000,0x00000000e3200000)
  from space 22016K, 99% used [0x00000000e3200000,0x00000000e477f1f0,0x00000000e4780000)
  to   space 26112K, 0% used [0x00000000ea400000,0x00000000ea400000,0x00000000ebd80000)
 ParOldGen       total 81408K, used 35394K [0x0000000085200000, 0x000000008a180000, 0x00000000d7100000)
  object space 81408K, 43% used [0x0000000085200000,0x0000000087490b30,0x000000008a180000)
 Metaspace       used 26138K, capacity 26794K, committed 26800K, reserved 1073152K
  class space    used 3048K, capacity 3247K, committed 3248K, reserved 1048576K
}
Event: 31.884 GC heap before
{Heap before GC invocations=13 (full 2):
 PSYoungGen      total 219648K, used 22012K [0x00000000d7100000, 0x00000000ebd80000, 0x0000000100000000)
  eden space 197632K, 0% used [0x00000000d7100000,0x00000000d7100000,0x00000000e3200000)
  from space 22016K, 99% used [0x00000000e3200000,0x00000000e477f1f0,0x00000000e4780000)
  to   space 26112K, 0% used [0x00000000ea400000,0x00000000ea400000,0x00000000ebd80000)
 ParOldGen       total 81408K, used 35394K [0x0000000085200000, 0x000000008a180000, 0x00000000d7100000)
  object space 81408K, 43% used [0x0000000085200000,0x0000000087490b30,0x000000008a180000)
 Metaspace       used 26138K, capacity 26794K, committed 26800K, reserved 1073152K
  class space    used 3048K, capacity 3247K, committed 3248K, reserved 1048576K
Event: 32.124 GC heap after
Heap after GC invocations=13 (full 2):
 PSYoungGen      total 219648K, used 0K [0x00000000d7100000, 0x00000000ebd80000, 0x0000000100000000)
  eden space 197632K, 0% used [0x00000000d7100000,0x00000000d7100000,0x00000000e3200000)
  from space 22016K, 0% used [0x00000000e3200000,0x00000000e3200000,0x00000000e4780000)
  to   space 26112K, 0% used [0x00000000ea400000,0x00000000ea400000,0x00000000ebd80000)
 ParOldGen       total 81408K, used 50623K [0x0000000085200000, 0x000000008a180000, 0x00000000d7100000)
  object space 81408K, 62% used [0x0000000085200000,0x000000008836fec0,0x000000008a180000)
 Metaspace       used 26123K, capacity 26776K, committed 26800K, reserved 1073152K
  class space    used 3047K, capacity 3245K, committed 3248K, reserved 1048576K
}

